{"level":"info","message":"    {\"url\":\"/boards\",\"params\":{},\"body\":{\"title\":\"Autotest board\",\"columns\":[{\"title\":\"Backlog\",\"order\":1},{\"title\":\"Sprint\",\"order\":2}],\"id\":\"b804d755-a3fc-4b2d-bb2e-e8f9dda38a57\"}}"}
{"level":"info","message":"    {\"url\":\"/boards\",\"params\":{},\"body\":{\"title\":\"Autotest board\",\"columns\":[{\"title\":\"Backlog\",\"order\":1},{\"title\":\"Sprint\",\"order\":2}],\"id\":\"27e0bf46-f8f1-487d-8956-188cb1a9f5f8\"}}"}
{"level":"info","message":"    {\"url\":\"/users\",\"params\":{},\"body\":{}}"}
{"level":"info","message":"    {\"url\":\"/boards/b804d755-a3fc-4b2d-bb2e-e8f9dda38a57/tasks\",\"params\":{},\"body\":{\"title\":\"Autotest task\",\"order\":0,\"description\":\"Lorem ipsum\",\"userId\":null,\"boardId\":\"b804d755-a3fc-4b2d-bb2e-e8f9dda38a57\",\"columnId\":null,\"id\":\"c09da843-ff4c-42d7-81ba-ec47fbfda55d\"}}"}
{"level":"info","message":"    {\"url\":\"/boards\",\"params\":{},\"body\":{}}"}
{"level":"info","message":"    {\"url\":\"/boards/b804d755-a3fc-4b2d-bb2e-e8f9dda38a57/tasks\",\"params\":{},\"body\":{}}"}
{"level":"info","message":"    {\"url\":\"/users\",\"params\":{},\"body\":{\"name\":\"TEST_USER\",\"login\":\"test_user\",\"password\":\"T35t_P@55w0rd\",\"id\":\"adc2164c-878e-46c0-a95c-1288c3d4cb90\"}}"}
{"level":"info","message":"    {\"url\":\"/boards\",\"params\":{},\"body\":{}}"}
{"level":"info","message":"    {\"url\":\"/users/adc2164c-878e-46c0-a95c-1288c3d4cb90\",\"params\":{\"id\":\"adc2164c-878e-46c0-a95c-1288c3d4cb90\"},\"body\":{}}"}
{"level":"info","message":"    {\"url\":\"/boards/b804d755-a3fc-4b2d-bb2e-e8f9dda38a57/tasks\",\"params\":{},\"body\":{}}"}
{"level":"info","message":"    {\"url\":\"/boards/1\",\"params\":{\"id\":\"1\"},\"body\":{}}"}
{"level":"info","message":"    {\"url\":\"/users/adc2164c-878e-46c0-a95c-1288c3d4cb90\",\"params\":{\"id\":\"adc2164c-878e-46c0-a95c-1288c3d4cb90\"},\"body\":{}}"}
{"level":"info","message":"    {\"url\":\"/boards/b804d755-a3fc-4b2d-bb2e-e8f9dda38a57/tasks/c09da843-ff4c-42d7-81ba-ec47fbfda55d\",\"params\":{\"id\":\"c09da843-ff4c-42d7-81ba-ec47fbfda55d\"},\"body\":{}}"}
{"level":"info","message":"    {\"url\":\"/boards\",\"params\":{},\"body\":{\"title\":\"Autotest board\",\"columns\":[{\"title\":\"Backlog\",\"order\":1},{\"title\":\"Sprint\",\"order\":2}],\"id\":\"6d897664-8aca-4bdd-bd91-b422923f16e6\"}}"}
{"level":"info","message":"    {\"url\":\"/users\",\"params\":{},\"body\":{\"name\":\"TEST_USER\",\"login\":\"test_user\",\"password\":\"T35t_P@55w0rd\",\"id\":\"af0732f1-85f5-4cb0-bff2-84ebb06f1e1c\"}}"}
{"level":"info","message":"    {\"url\":\"/boards/b804d755-a3fc-4b2d-bb2e-e8f9dda38a57/tasks\",\"params\":{},\"body\":{\"title\":\"Autotest task\",\"order\":0,\"description\":\"Lorem ipsum\",\"userId\":null,\"boardId\":\"b804d755-a3fc-4b2d-bb2e-e8f9dda38a57\",\"columnId\":null,\"id\":\"09b1d01b-6203-442f-b04a-60dda890dbc5\"}}"}
{"level":"info","message":"    {\"url\":\"/boards/6d897664-8aca-4bdd-bd91-b422923f16e6\",\"params\":{\"id\":\"6d897664-8aca-4bdd-bd91-b422923f16e6\"},\"body\":{}}"}
{"level":"info","message":"    {\"url\":\"/users/af0732f1-85f5-4cb0-bff2-84ebb06f1e1c\",\"params\":{\"id\":\"af0732f1-85f5-4cb0-bff2-84ebb06f1e1c\"},\"body\":{}}"}
{"level":"info","message":"    {\"url\":\"/boards/b804d755-a3fc-4b2d-bb2e-e8f9dda38a57/tasks/09b1d01b-6203-442f-b04a-60dda890dbc5\",\"params\":{\"id\":\"09b1d01b-6203-442f-b04a-60dda890dbc5\"},\"body\":{}}"}
{"level":"info","message":"    {\"url\":\"/boards\",\"params\":{},\"body\":{\"title\":\"Autotest board\",\"columns\":[{\"title\":\"Backlog\",\"order\":1},{\"title\":\"Sprint\",\"order\":2}],\"id\":\"63d1eaca-e231-45d1-978e-ae9420b19919\"}}"}
{"level":"info","message":"    {\"url\":\"/users\",\"params\":{},\"body\":{\"name\":\"TEST_USER\",\"login\":\"test_user\",\"password\":\"T35t_P@55w0rd\",\"id\":\"1fed1722-e4de-4c99-8d43-f729950812a3\"}}"}
{"level":"info","message":"    {\"url\":\"/boards/b804d755-a3fc-4b2d-bb2e-e8f9dda38a57/tasks\",\"params\":{},\"body\":{\"title\":\"Autotest task\",\"order\":0,\"description\":\"Lorem ipsum\",\"userId\":null,\"boardId\":\"b804d755-a3fc-4b2d-bb2e-e8f9dda38a57\",\"columnId\":null,\"id\":\"7fcb184a-c90d-4477-84c1-b50fc84c7515\"}}"}
{"level":"info","message":"    {\"url\":\"/boards/63d1eaca-e231-45d1-978e-ae9420b19919\",\"params\":{\"id\":\"63d1eaca-e231-45d1-978e-ae9420b19919\"},\"body\":{\"id\":\"63d1eaca-e231-45d1-978e-ae9420b19919\",\"title\":\"Autotest updated board\",\"columns\":[{\"title\":\"Backlog\",\"order\":1},{\"title\":\"Sprint\",\"order\":2}]}}"}
{"level":"info","message":"    {\"url\":\"/users/1fed1722-e4de-4c99-8d43-f729950812a3\",\"params\":{\"id\":\"1fed1722-e4de-4c99-8d43-f729950812a3\"},\"body\":{\"name\":\"Autotest updated TEST_USER\",\"login\":\"test_user\",\"password\":\"T35t_P@55w0rd\",\"id\":\"1fed1722-e4de-4c99-8d43-f729950812a3\"}}"}
{"level":"info","message":"    {\"url\":\"/boards/b804d755-a3fc-4b2d-bb2e-e8f9dda38a57/tasks/7fcb184a-c90d-4477-84c1-b50fc84c7515\",\"params\":{\"id\":\"7fcb184a-c90d-4477-84c1-b50fc84c7515\"},\"body\":{\"id\":\"7fcb184a-c90d-4477-84c1-b50fc84c7515\",\"title\":\"Autotest updated task\",\"order\":0,\"description\":\"Lorem ipsum\",\"userId\":null,\"boardId\":\"b804d755-a3fc-4b2d-bb2e-e8f9dda38a57\",\"columnId\":null}}"}
{"level":"info","message":"    {\"url\":\"/boards/63d1eaca-e231-45d1-978e-ae9420b19919\",\"params\":{\"id\":\"63d1eaca-e231-45d1-978e-ae9420b19919\"},\"body\":{}}"}
{"level":"info","message":"    {\"url\":\"/users/1fed1722-e4de-4c99-8d43-f729950812a3\",\"params\":{\"id\":\"1fed1722-e4de-4c99-8d43-f729950812a3\"},\"body\":{}}"}
{"level":"info","message":"    {\"url\":\"/boards/b804d755-a3fc-4b2d-bb2e-e8f9dda38a57/tasks/7fcb184a-c90d-4477-84c1-b50fc84c7515\",\"params\":{\"id\":\"7fcb184a-c90d-4477-84c1-b50fc84c7515\"},\"body\":{}}"}
{"level":"info","message":"    {\"url\":\"/boards/63d1eaca-e231-45d1-978e-ae9420b19919\",\"params\":{\"id\":\"63d1eaca-e231-45d1-978e-ae9420b19919\"},\"body\":{}}"}
{"level":"info","message":"    {\"url\":\"/users/1fed1722-e4de-4c99-8d43-f729950812a3\",\"params\":{\"id\":\"1fed1722-e4de-4c99-8d43-f729950812a3\"},\"body\":{}}"}
{"level":"info","message":"    {\"url\":\"/boards/b804d755-a3fc-4b2d-bb2e-e8f9dda38a57/tasks/c09da843-ff4c-42d7-81ba-ec47fbfda55d\",\"params\":{\"id\":\"c09da843-ff4c-42d7-81ba-ec47fbfda55d\"},\"body\":{}}"}
{"level":"info","message":"    {\"url\":\"/boards\",\"params\":{},\"body\":{}}"}
{"level":"info","message":"    {\"url\":\"/users\",\"params\":{},\"body\":{\"name\":\"TEST_USER\",\"login\":\"test_user\",\"password\":\"T35t_P@55w0rd\",\"id\":\"307b4cf9-5f49-4e33-b75d-155658895570\"}}"}
{"level":"info","message":"    {\"url\":\"/boards/b804d755-a3fc-4b2d-bb2e-e8f9dda38a57/tasks/c09da843-ff4c-42d7-81ba-ec47fbfda55d\",\"params\":{\"id\":\"c09da843-ff4c-42d7-81ba-ec47fbfda55d\"},\"body\":{}}"}
{"level":"info","message":"    {\"url\":\"/boards/1\",\"params\":{\"id\":\"1\"},\"body\":{}}"}
{"level":"info","message":"    {\"url\":\"/users/307b4cf9-5f49-4e33-b75d-155658895570\",\"params\":{\"id\":\"307b4cf9-5f49-4e33-b75d-155658895570\"},\"body\":{}}"}
{"level":"info","message":"    {\"url\":\"/boards/b804d755-a3fc-4b2d-bb2e-e8f9dda38a57/tasks/c09da843-ff4c-42d7-81ba-ec47fbfda55d\",\"params\":{\"id\":\"c09da843-ff4c-42d7-81ba-ec47fbfda55d\"},\"body\":{}}"}
{"status":404,"text":"Not Found","level":"error","message":"   error"}
{"level":"info","message":"    {\"url\":\"/boards/1\",\"params\":{\"id\":\"1\"},\"body\":{}}"}
{"status":404,"text":"Not Found","level":"error","message":"   error"}
{"level":"info","message":"    {\"url\":\"/users\",\"params\":{},\"body\":{\"name\":\"TEST_USER\",\"login\":\"test_user\",\"password\":\"T35t_P@55w0rd\",\"id\":\"e25005c1-af24-461c-8a75-0dbe9f10c047\"}}"}
{"level":"info","message":"    {\"url\":\"/boards/b804d755-a3fc-4b2d-bb2e-e8f9dda38a57\",\"params\":{\"id\":\"b804d755-a3fc-4b2d-bb2e-e8f9dda38a57\"},\"body\":{}}"}
{"level":"info","message":"    {\"url\":\"/boards\",\"params\":{},\"body\":{\"title\":\"Autotest board\",\"columns\":[{\"title\":\"Backlog\",\"order\":1},{\"title\":\"Sprint\",\"order\":2}],\"id\":\"2e764ee4-f620-40fd-9a8b-049bd762934a\"}}"}
{"level":"info","message":"    {\"url\":\"/boards\",\"params\":{},\"body\":{\"title\":\"Autotest board\",\"columns\":[{\"title\":\"Backlog\",\"order\":1},{\"title\":\"Sprint\",\"order\":2}],\"id\":\"5b1db2e5-17c0-41bf-b3a3-9b9f1c83917d\"}}"}
{"level":"info","message":"    {\"url\":\"/boards/5b1db2e5-17c0-41bf-b3a3-9b9f1c83917d/tasks\",\"params\":{},\"body\":{\"title\":\"Task #1\",\"order\":1,\"description\":\"Lorem ipsum\",\"userId\":\"e25005c1-af24-461c-8a75-0dbe9f10c047\",\"boardId\":\"5b1db2e5-17c0-41bf-b3a3-9b9f1c83917d\",\"id\":\"929aee13-ed63-4f4e-a3b3-d977f0deb7ac\"}}"}
{"level":"info","message":"    {\"url\":\"/boards/5b1db2e5-17c0-41bf-b3a3-9b9f1c83917d/tasks\",\"params\":{},\"body\":{\"title\":\"Task #2\",\"order\":2,\"description\":\"Lorem ipsum\",\"userId\":\"e25005c1-af24-461c-8a75-0dbe9f10c047\",\"boardId\":\"5b1db2e5-17c0-41bf-b3a3-9b9f1c83917d\",\"id\":\"350c8bcc-222a-4122-b029-762ab2924e1b\"}}"}
{"level":"info","message":"    {\"url\":\"/boards/2e764ee4-f620-40fd-9a8b-049bd762934a/tasks\",\"params\":{},\"body\":{\"title\":\"Task #1\",\"order\":1,\"description\":\"Lorem ipsum\",\"boardId\":\"2e764ee4-f620-40fd-9a8b-049bd762934a\",\"userId\":null,\"columnId\":null,\"id\":\"fa4650fe-2529-4c54-bfee-1bc1e3b4d3d9\"}}"}
{"level":"info","message":"    {\"url\":\"/boards/2e764ee4-f620-40fd-9a8b-049bd762934a/tasks\",\"params\":{},\"body\":{\"title\":\"Task #2\",\"order\":2,\"description\":\"Lorem ipsum\",\"boardId\":\"2e764ee4-f620-40fd-9a8b-049bd762934a\",\"userId\":null,\"columnId\":null,\"id\":\"b67a1388-755f-4087-9eb1-4ca9575c5731\"}}"}
{"level":"info","message":"    {\"url\":\"/boards/2e764ee4-f620-40fd-9a8b-049bd762934a/tasks\",\"params\":{},\"body\":{\"title\":\"Task #3\",\"order\":3,\"description\":\"Lorem ipsum\",\"boardId\":\"2e764ee4-f620-40fd-9a8b-049bd762934a\",\"userId\":null,\"columnId\":null,\"id\":\"fd8dae65-86b4-4624-a245-b90f662206c2\"}}"}
{"level":"info","message":"    {\"url\":\"/boards/2e764ee4-f620-40fd-9a8b-049bd762934a/tasks\",\"params\":{},\"body\":{\"title\":\"Task #4\",\"order\":4,\"description\":\"Lorem ipsum\",\"boardId\":\"2e764ee4-f620-40fd-9a8b-049bd762934a\",\"userId\":null,\"columnId\":null,\"id\":\"1ee86e56-7bc9-4a17-94fc-40eff62e3e4c\"}}"}
{"level":"info","message":"    {\"url\":\"/boards/2e764ee4-f620-40fd-9a8b-049bd762934a/tasks\",\"params\":{},\"body\":{\"title\":\"Task #5\",\"order\":5,\"description\":\"Lorem ipsum\",\"boardId\":\"2e764ee4-f620-40fd-9a8b-049bd762934a\",\"userId\":null,\"columnId\":null,\"id\":\"98940fe7-b25f-463e-b5b8-000d0d7dc5a0\"}}"}
{"level":"info","message":"    {\"url\":\"/users/e25005c1-af24-461c-8a75-0dbe9f10c047\",\"params\":{\"id\":\"e25005c1-af24-461c-8a75-0dbe9f10c047\"},\"body\":{}}"}
{"level":"info","message":"    {\"url\":\"/boards/5b1db2e5-17c0-41bf-b3a3-9b9f1c83917d/tasks/929aee13-ed63-4f4e-a3b3-d977f0deb7ac\",\"params\":{\"id\":\"929aee13-ed63-4f4e-a3b3-d977f0deb7ac\"},\"body\":{}}"}
{"level":"info","message":"    {\"url\":\"/boards/2e764ee4-f620-40fd-9a8b-049bd762934a/tasks/fa4650fe-2529-4c54-bfee-1bc1e3b4d3d9\",\"params\":{\"id\":\"fa4650fe-2529-4c54-bfee-1bc1e3b4d3d9\"},\"body\":{}}"}
{"level":"info","message":"    {\"url\":\"/boards/2e764ee4-f620-40fd-9a8b-049bd762934a/tasks/b67a1388-755f-4087-9eb1-4ca9575c5731\",\"params\":{\"id\":\"b67a1388-755f-4087-9eb1-4ca9575c5731\"},\"body\":{}}"}
{"level":"info","message":"    {\"url\":\"/boards/2e764ee4-f620-40fd-9a8b-049bd762934a/tasks/fd8dae65-86b4-4624-a245-b90f662206c2\",\"params\":{\"id\":\"fd8dae65-86b4-4624-a245-b90f662206c2\"},\"body\":{}}"}
{"level":"info","message":"    {\"url\":\"/boards/2e764ee4-f620-40fd-9a8b-049bd762934a/tasks/1ee86e56-7bc9-4a17-94fc-40eff62e3e4c\",\"params\":{\"id\":\"1ee86e56-7bc9-4a17-94fc-40eff62e3e4c\"},\"body\":{}}"}
{"level":"info","message":"    {\"url\":\"/boards/2e764ee4-f620-40fd-9a8b-049bd762934a/tasks/98940fe7-b25f-463e-b5b8-000d0d7dc5a0\",\"params\":{\"id\":\"98940fe7-b25f-463e-b5b8-000d0d7dc5a0\"},\"body\":{}}"}
{"level":"info","message":"    {\"url\":\"/boards/5b1db2e5-17c0-41bf-b3a3-9b9f1c83917d/tasks/350c8bcc-222a-4122-b029-762ab2924e1b\",\"params\":{\"id\":\"350c8bcc-222a-4122-b029-762ab2924e1b\"},\"body\":{}}"}
{"level":"info","message":"    {\"url\":\"/boards/2e764ee4-f620-40fd-9a8b-049bd762934a\",\"params\":{\"id\":\"2e764ee4-f620-40fd-9a8b-049bd762934a\"},\"body\":{}}"}
{"level":"info","message":"    {\"url\":\"/boards/5b1db2e5-17c0-41bf-b3a3-9b9f1c83917d/tasks/929aee13-ed63-4f4e-a3b3-d977f0deb7ac\",\"params\":{\"id\":\"929aee13-ed63-4f4e-a3b3-d977f0deb7ac\"},\"body\":{}}"}
{"level":"info","message":"    {\"url\":\"/boards/5b1db2e5-17c0-41bf-b3a3-9b9f1c83917d/tasks/350c8bcc-222a-4122-b029-762ab2924e1b\",\"params\":{\"id\":\"350c8bcc-222a-4122-b029-762ab2924e1b\"},\"body\":{}}"}
{"level":"info","message":"    {\"url\":\"/boards/2e764ee4-f620-40fd-9a8b-049bd762934a/tasks/fa4650fe-2529-4c54-bfee-1bc1e3b4d3d9\",\"params\":{\"id\":\"fa4650fe-2529-4c54-bfee-1bc1e3b4d3d9\"},\"body\":{}}"}
{"status":404,"text":"Not Found","level":"error","message":"   error"}
{"level":"info","message":"    {\"url\":\"/boards/2e764ee4-f620-40fd-9a8b-049bd762934a/tasks/b67a1388-755f-4087-9eb1-4ca9575c5731\",\"params\":{\"id\":\"b67a1388-755f-4087-9eb1-4ca9575c5731\"},\"body\":{}}"}
{"status":404,"text":"Not Found","level":"error","message":"   error"}
{"level":"info","message":"    {\"url\":\"/boards/2e764ee4-f620-40fd-9a8b-049bd762934a/tasks/fd8dae65-86b4-4624-a245-b90f662206c2\",\"params\":{\"id\":\"fd8dae65-86b4-4624-a245-b90f662206c2\"},\"body\":{}}"}
{"status":404,"text":"Not Found","level":"error","message":"   error"}
{"level":"info","message":"    {\"url\":\"/boards/2e764ee4-f620-40fd-9a8b-049bd762934a/tasks/1ee86e56-7bc9-4a17-94fc-40eff62e3e4c\",\"params\":{\"id\":\"1ee86e56-7bc9-4a17-94fc-40eff62e3e4c\"},\"body\":{}}"}
{"status":404,"text":"Not Found","level":"error","message":"   error"}
{"level":"info","message":"    {\"url\":\"/boards/2e764ee4-f620-40fd-9a8b-049bd762934a/tasks/98940fe7-b25f-463e-b5b8-000d0d7dc5a0\",\"params\":{\"id\":\"98940fe7-b25f-463e-b5b8-000d0d7dc5a0\"},\"body\":{}}"}
{"status":404,"text":"Not Found","level":"error","message":"   error"}
{"level":"info","message":"    {\"url\":\"/boards/5b1db2e5-17c0-41bf-b3a3-9b9f1c83917d\",\"params\":{\"id\":\"5b1db2e5-17c0-41bf-b3a3-9b9f1c83917d\"},\"body\":{}}"}
{"level":"info","message":"    {\"url\":\"/users\",\"params\":{},\"body\":{}}"}
{"level":"info","message":"    {\"url\":\"/users\",\"params\":{},\"body\":{\"name\":\"string\",\"login\":\"string\",\"password\":\"string\",\"id\":\"959270f0-6d86-447a-8dd1-0b338e303079\"}}"}
{"level":"info","message":"    {\"url\":\"/users\",\"params\":{},\"body\":{}}"}
{"status":404,"text":"Not Found","level":"error","message":"   error"}
{"level":"info","message":"    {\"url\":\"/users/22\",\"params\":{\"id\":\"22\"},\"body\":{}}"}
{"status":404,"text":"Not Found","level":"error","message":"   error"}
{"level":"info","message":"    {\"url\":\"/users/88\",\"params\":{\"id\":\"88\"},\"body\":{\"name\":\"string\",\"login\":\"string\",\"password\":\"string\"}}"}
{"status":404,"text":"Not Found","level":"error","message":"   error"}
{"level":"info","message":"    {\"url\":\"/users/55\",\"params\":{\"id\":\"55\"},\"body\":{}}"}
{"status":404,"text":"Not Found","level":"error","message":"   error"}
{"level":"info","message":"    {\"url\":\"/users/1\",\"method\":\"DELETE\",\"params\":{\"id\":\"1\"},\"body\":{}}"}
