{"message":"    {\"url\":\"/boards\",\"method\":\"POST\",\"params\":{},\"body\":{\"title\":\"Autotest board\",\"columns\":[{\"title\":\"Backlog\",\"order\":1},{\"title\":\"Sprint\",\"order\":2}]}}","level":"info"}
{"message":"    {\"url\":\"/boards\",\"method\":\"POST\",\"params\":{},\"body\":{\"title\":\"Autotest board\",\"columns\":[{\"title\":\"Backlog\",\"order\":1},{\"title\":\"Sprint\",\"order\":2}]}}","level":"info"}
{"message":"    {\"url\":\"/users\",\"method\":\"GET\",\"params\":{},\"body\":{}}","level":"info"}
{"message":"    {\"url\":\"/boards\",\"method\":\"GET\",\"params\":{},\"body\":{}}","level":"info"}
{"message":"    {\"url\":\"/boards/d6c0114c-8d42-43b8-8e80-18e4d73bd6d9/tasks\",\"method\":\"POST\",\"params\":{},\"body\":{\"title\":\"Autotest task\",\"order\":0,\"description\":\"Lorem ipsum\",\"userId\":null,\"boardId\":null,\"columnId\":null}}","level":"info"}
{"message":"    {\"url\":\"/users\",\"method\":\"POST\",\"params\":{},\"body\":{\"name\":\"TEST_USER\",\"login\":\"test_user\",\"password\":\"T35t_P@55w0rd\"}}","level":"info"}
{"message":"    {\"url\":\"/boards\",\"method\":\"GET\",\"params\":{},\"body\":{}}","level":"info"}
{"message":"    {\"url\":\"/boards/d6c0114c-8d42-43b8-8e80-18e4d73bd6d9/tasks\",\"method\":\"GET\",\"params\":{},\"body\":{}}","level":"info"}
{"message":"    {\"url\":\"/users/829e2145-1b9a-4351-aef7-15c2d2ccc739\",\"method\":\"GET\",\"params\":{},\"body\":{}}","level":"info"}
{"message":"    {\"url\":\"/boards/2e7c13d7-b044-4aef-af46-4f82fc04e027\",\"method\":\"GET\",\"params\":{},\"body\":{}}","level":"info"}
{"message":"    {\"url\":\"/boards/d6c0114c-8d42-43b8-8e80-18e4d73bd6d9/tasks\",\"method\":\"GET\",\"params\":{},\"body\":{}}","level":"info"}
{"message":"    {\"url\":\"/users/829e2145-1b9a-4351-aef7-15c2d2ccc739\",\"method\":\"DELETE\",\"params\":{},\"body\":{}}","level":"info"}
{"message":"    {\"url\":\"/boards/d6c0114c-8d42-43b8-8e80-18e4d73bd6d9/tasks/613d5005-b03a-4a61-83c7-8a655c554e38\",\"method\":\"GET\",\"params\":{},\"body\":{}}","level":"info"}
{"message":"    {\"url\":\"/boards\",\"method\":\"POST\",\"params\":{},\"body\":{\"title\":\"Autotest board\",\"columns\":[{\"title\":\"Backlog\",\"order\":1},{\"title\":\"Sprint\",\"order\":2}]}}","level":"info"}
{"message":"    {\"url\":\"/boards/d6c0114c-8d42-43b8-8e80-18e4d73bd6d9/tasks\",\"method\":\"POST\",\"params\":{},\"body\":{\"title\":\"Autotest task\",\"order\":0,\"description\":\"Lorem ipsum\",\"userId\":null,\"boardId\":null,\"columnId\":null}}","level":"info"}
{"message":"    {\"url\":\"/boards/81d27a70-697a-4d07-955c-427866a1e35e\",\"method\":\"DELETE\",\"params\":{},\"body\":{}}","level":"info"}
{"message":"    {\"url\":\"/users\",\"method\":\"POST\",\"params\":{},\"body\":{\"name\":\"TEST_USER\",\"login\":\"test_user\",\"password\":\"T35t_P@55w0rd\"}}","level":"info"}
{"message":"    {\"url\":\"/boards/d6c0114c-8d42-43b8-8e80-18e4d73bd6d9/tasks/5f9d631a-e04a-46e3-bb7f-80b7d4718169\",\"method\":\"DELETE\",\"params\":{},\"body\":{}}","level":"info"}
{"message":"    {\"url\":\"/users/8b23c4dd-e455-49d1-85c3-b3557c1a5821\",\"method\":\"DELETE\",\"params\":{},\"body\":{}}","level":"info"}
{"message":"    {\"url\":\"/boards\",\"method\":\"POST\",\"params\":{},\"body\":{\"title\":\"Autotest board\",\"columns\":[{\"title\":\"Backlog\",\"order\":1},{\"title\":\"Sprint\",\"order\":2}]}}","level":"info"}
{"message":"    {\"url\":\"/boards/d6c0114c-8d42-43b8-8e80-18e4d73bd6d9/tasks\",\"method\":\"POST\",\"params\":{},\"body\":{\"title\":\"Autotest task\",\"order\":0,\"description\":\"Lorem ipsum\",\"userId\":null,\"boardId\":null,\"columnId\":null}}","level":"info"}
{"message":"    {\"url\":\"/boards/30fd0f3c-1d7e-4d8e-8b72-8c13585dbdc4\",\"method\":\"PUT\",\"params\":{},\"body\":{\"id\":\"30fd0f3c-1d7e-4d8e-8b72-8c13585dbdc4\",\"title\":\"Autotest updated board\",\"columns\":[{\"_id\":\"5e9caa94fea0268170276618\",\"title\":\"Backlog\",\"order\":1},{\"_id\":\"5e9caa94fea0268170276619\",\"title\":\"Sprint\",\"order\":2}]}}","level":"info"}
{"message":"    {\"url\":\"/users\",\"method\":\"POST\",\"params\":{},\"body\":{\"name\":\"TEST_USER\",\"login\":\"test_user\",\"password\":\"T35t_P@55w0rd\"}}","level":"info"}
{"message":"    {\"url\":\"/boards/d6c0114c-8d42-43b8-8e80-18e4d73bd6d9/tasks/130d7cb3-a3c1-4838-ae9e-442886a0439c\",\"method\":\"PUT\",\"params\":{},\"body\":{\"id\":\"130d7cb3-a3c1-4838-ae9e-442886a0439c\",\"title\":\"Autotest updated task\",\"order\":0,\"description\":\"Lorem ipsum\",\"userId\":null,\"boardId\":\"d6c0114c-8d42-43b8-8e80-18e4d73bd6d9\",\"columnId\":null}}","level":"info"}
{"message":"    {\"url\":\"/users/28b3b066-ecfd-4f6c-933d-a0d7ee7ce474\",\"method\":\"PUT\",\"params\":{},\"body\":{\"name\":\"Autotest updated TEST_USER\",\"login\":\"test_user\",\"password\":\"T35t_P@55w0rd\",\"id\":\"28b3b066-ecfd-4f6c-933d-a0d7ee7ce474\"}}","level":"info"}
{"message":"    {\"url\":\"/boards/30fd0f3c-1d7e-4d8e-8b72-8c13585dbdc4\",\"method\":\"GET\",\"params\":{},\"body\":{}}","level":"info"}
{"message":"    {\"url\":\"/boards/d6c0114c-8d42-43b8-8e80-18e4d73bd6d9/tasks/130d7cb3-a3c1-4838-ae9e-442886a0439c\",\"method\":\"GET\",\"params\":{},\"body\":{}}","level":"info"}
{"message":"    {\"url\":\"/users/28b3b066-ecfd-4f6c-933d-a0d7ee7ce474\",\"method\":\"GET\",\"params\":{},\"body\":{}}","level":"info"}
{"message":"    {\"url\":\"/boards/30fd0f3c-1d7e-4d8e-8b72-8c13585dbdc4\",\"method\":\"DELETE\",\"params\":{},\"body\":{}}","level":"info"}
{"message":"    {\"url\":\"/boards/d6c0114c-8d42-43b8-8e80-18e4d73bd6d9/tasks/613d5005-b03a-4a61-83c7-8a655c554e38\",\"method\":\"GET\",\"params\":{},\"body\":{}}","level":"info"}
{"message":"    {\"url\":\"/users/28b3b066-ecfd-4f6c-933d-a0d7ee7ce474\",\"method\":\"DELETE\",\"params\":{},\"body\":{}}","level":"info"}
{"message":"    {\"url\":\"/boards/d6c0114c-8d42-43b8-8e80-18e4d73bd6d9/tasks/613d5005-b03a-4a61-83c7-8a655c554e38\",\"method\":\"DELETE\",\"params\":{},\"body\":{}}","level":"info"}
{"message":"    {\"url\":\"/boards\",\"method\":\"GET\",\"params\":{},\"body\":{}}","level":"info"}
{"message":"    {\"url\":\"/boards/2e7c13d7-b044-4aef-af46-4f82fc04e027\",\"method\":\"DELETE\",\"params\":{},\"body\":{}}","level":"info"}
{"message":"    {\"url\":\"/users\",\"method\":\"POST\",\"params\":{},\"body\":{\"name\":\"TEST_USER\",\"login\":\"test_user\",\"password\":\"T35t_P@55w0rd\"}}","level":"info"}
{"message":"    {\"url\":\"/boards/d6c0114c-8d42-43b8-8e80-18e4d73bd6d9/tasks/613d5005-b03a-4a61-83c7-8a655c554e38\",\"method\":\"GET\",\"params\":{},\"body\":{}}","level":"info"}
{"message":"    {\"url\":\"/users/ebbb235c-a5c9-4ab8-bc07-4ecf510b401c\",\"method\":\"DELETE\",\"params\":{},\"body\":{}}","level":"info"}
{"message":"    {\"url\":\"/boards/d6c0114c-8d42-43b8-8e80-18e4d73bd6d9\",\"method\":\"DELETE\",\"params\":{},\"body\":{}}","level":"info"}
{"message":"    {\"url\":\"/boards/2e7c13d7-b044-4aef-af46-4f82fc04e027\",\"method\":\"GET\",\"params\":{},\"body\":{}}","level":"info"}
{"message":"    {\"url\":\"/boards\",\"method\":\"POST\",\"params\":{},\"body\":{\"title\":\"Autotest board\",\"columns\":[{\"title\":\"Backlog\",\"order\":1},{\"title\":\"Sprint\",\"order\":2}]}}","level":"info"}
{"message":"    {\"url\":\"/users\",\"method\":\"POST\",\"params\":{},\"body\":{\"name\":\"TEST_USER\",\"login\":\"test_user\",\"password\":\"T35t_P@55w0rd\"}}","level":"info"}
{"message":"    {\"url\":\"/boards/2bd61431-ff43-464e-be20-eabc88c7ee8f/tasks\",\"method\":\"POST\",\"params\":{},\"body\":{\"title\":\"Task #1\",\"order\":1,\"description\":\"Lorem ipsum\",\"boardId\":\"2bd61431-ff43-464e-be20-eabc88c7ee8f\",\"userId\":null,\"columnId\":null}}","level":"info"}
{"message":"    {\"url\":\"/boards/2bd61431-ff43-464e-be20-eabc88c7ee8f/tasks\",\"method\":\"POST\",\"params\":{},\"body\":{\"title\":\"Task #2\",\"order\":2,\"description\":\"Lorem ipsum\",\"boardId\":\"2bd61431-ff43-464e-be20-eabc88c7ee8f\",\"userId\":null,\"columnId\":null}}","level":"info"}
{"message":"    {\"url\":\"/boards/2bd61431-ff43-464e-be20-eabc88c7ee8f/tasks\",\"method\":\"POST\",\"params\":{},\"body\":{\"title\":\"Task #3\",\"order\":3,\"description\":\"Lorem ipsum\",\"boardId\":\"2bd61431-ff43-464e-be20-eabc88c7ee8f\",\"userId\":null,\"columnId\":null}}","level":"info"}
{"message":"    {\"url\":\"/boards/2bd61431-ff43-464e-be20-eabc88c7ee8f/tasks\",\"method\":\"POST\",\"params\":{},\"body\":{\"title\":\"Task #4\",\"order\":4,\"description\":\"Lorem ipsum\",\"boardId\":\"2bd61431-ff43-464e-be20-eabc88c7ee8f\",\"userId\":null,\"columnId\":null}}","level":"info"}
{"message":"    {\"url\":\"/boards/2bd61431-ff43-464e-be20-eabc88c7ee8f/tasks\",\"method\":\"POST\",\"params\":{},\"body\":{\"title\":\"Task #5\",\"order\":5,\"description\":\"Lorem ipsum\",\"boardId\":\"2bd61431-ff43-464e-be20-eabc88c7ee8f\",\"userId\":null,\"columnId\":null}}","level":"info"}
{"message":"    {\"url\":\"/boards\",\"method\":\"POST\",\"params\":{},\"body\":{\"title\":\"Autotest board\",\"columns\":[{\"title\":\"Backlog\",\"order\":1},{\"title\":\"Sprint\",\"order\":2}]}}","level":"info"}
{"message":"    {\"url\":\"/boards/2bd61431-ff43-464e-be20-eabc88c7ee8f/tasks/15bb598c-a139-4618-98c2-65ffb9290343\",\"method\":\"GET\",\"params\":{},\"body\":{}}","level":"info"}
{"message":"    {\"url\":\"/boards/2bd61431-ff43-464e-be20-eabc88c7ee8f/tasks/b289e1b7-b08e-43da-be8e-e03c501c2f49\",\"method\":\"GET\",\"params\":{},\"body\":{}}","level":"info"}
{"message":"    {\"url\":\"/boards/2bd61431-ff43-464e-be20-eabc88c7ee8f/tasks/868a6916-d6b5-423a-9cbe-04a7e69ec29c\",\"method\":\"GET\",\"params\":{},\"body\":{}}","level":"info"}
{"message":"    {\"url\":\"/boards/2bd61431-ff43-464e-be20-eabc88c7ee8f/tasks/b1560f8e-d226-45c9-9582-d0a7c19f55fc\",\"method\":\"GET\",\"params\":{},\"body\":{}}","level":"info"}
{"message":"    {\"url\":\"/boards/2bd61431-ff43-464e-be20-eabc88c7ee8f/tasks/76cae1a5-3d7c-4e21-8ada-0eb64ea61c83\",\"method\":\"GET\",\"params\":{},\"body\":{}}","level":"info"}
{"message":"    {\"url\":\"/boards/9f021eae-6330-4d0d-934d-fad6e3182fd5/tasks\",\"method\":\"POST\",\"params\":{},\"body\":{\"title\":\"Task #2\",\"order\":2,\"description\":\"Lorem ipsum\",\"userId\":\"bbe18e24-e420-4f35-a414-c08f6869ce1b\",\"boardId\":\"9f021eae-6330-4d0d-934d-fad6e3182fd5\"}}","level":"info"}
{"message":"    {\"url\":\"/boards/9f021eae-6330-4d0d-934d-fad6e3182fd5/tasks\",\"method\":\"POST\",\"params\":{},\"body\":{\"title\":\"Task #1\",\"order\":1,\"description\":\"Lorem ipsum\",\"userId\":\"bbe18e24-e420-4f35-a414-c08f6869ce1b\",\"boardId\":\"9f021eae-6330-4d0d-934d-fad6e3182fd5\"}}","level":"info"}
{"message":"    {\"url\":\"/boards/2bd61431-ff43-464e-be20-eabc88c7ee8f\",\"method\":\"DELETE\",\"params\":{},\"body\":{}}","level":"info"}
{"message":"    {\"url\":\"/users/bbe18e24-e420-4f35-a414-c08f6869ce1b\",\"method\":\"DELETE\",\"params\":{},\"body\":{}}","level":"info"}
{"message":"    {\"url\":\"/boards/2bd61431-ff43-464e-be20-eabc88c7ee8f/tasks/15bb598c-a139-4618-98c2-65ffb9290343\",\"method\":\"GET\",\"params\":{},\"body\":{}}","level":"info"}
{"message":"    {\"url\":\"/boards/2bd61431-ff43-464e-be20-eabc88c7ee8f/tasks/b289e1b7-b08e-43da-be8e-e03c501c2f49\",\"method\":\"GET\",\"params\":{},\"body\":{}}","level":"info"}
{"message":"    {\"url\":\"/boards/2bd61431-ff43-464e-be20-eabc88c7ee8f/tasks/868a6916-d6b5-423a-9cbe-04a7e69ec29c\",\"method\":\"GET\",\"params\":{},\"body\":{}}","level":"info"}
{"message":"    {\"url\":\"/boards/2bd61431-ff43-464e-be20-eabc88c7ee8f/tasks/b1560f8e-d226-45c9-9582-d0a7c19f55fc\",\"method\":\"GET\",\"params\":{},\"body\":{}}","level":"info"}
{"message":"    {\"url\":\"/boards/2bd61431-ff43-464e-be20-eabc88c7ee8f/tasks/76cae1a5-3d7c-4e21-8ada-0eb64ea61c83\",\"method\":\"GET\",\"params\":{},\"body\":{}}","level":"info"}
{"message":"    {\"url\":\"/boards/9f021eae-6330-4d0d-934d-fad6e3182fd5/tasks/fba740a8-af48-4214-9466-354e59d26b1b\",\"method\":\"GET\",\"params\":{},\"body\":{}}","level":"info"}
{"message":"    {\"url\":\"/boards/9f021eae-6330-4d0d-934d-fad6e3182fd5/tasks/ec5887db-c65a-48bd-ae1c-cf7af7e9b39b\",\"method\":\"GET\",\"params\":{},\"body\":{}}","level":"info"}
{"message":"    {\"url\":\"/boards/9f021eae-6330-4d0d-934d-fad6e3182fd5/tasks/fba740a8-af48-4214-9466-354e59d26b1b\",\"method\":\"DELETE\",\"params\":{},\"body\":{}}","level":"info"}
{"message":"    {\"url\":\"/boards/9f021eae-6330-4d0d-934d-fad6e3182fd5/tasks/ec5887db-c65a-48bd-ae1c-cf7af7e9b39b\",\"method\":\"DELETE\",\"params\":{},\"body\":{}}","level":"info"}
{"message":"    {\"url\":\"/boards/9f021eae-6330-4d0d-934d-fad6e3182fd5\",\"method\":\"DELETE\",\"params\":{},\"body\":{}}","level":"info"}
{"message":"    {\"url\":\"/someurl/123\",\"method\":\"GET\",\"params\":{},\"body\":{}}","level":"info"}
{"message":"    {\"url\":\"/users\",\"method\":\"POST\",\"params\":{},\"body\":{}}","level":"info"}
{"message":"    {\"url\":\"/users/kjkl%3Bj%3Blj\",\"method\":\"GET\",\"params\":{},\"body\":{}}","level":"info"}
{"message":"   captured error: Oops!","level":"error"}
{"message":"   Unhandled rejection detected: Oops!","level":"error"}
